<?xml version="1.0" encoding="utf-8"?><testsuites><testsuite name="pytest" errors="0" failures="0" skipped="0" tests="335" time="87.833" timestamp="2026-09-18T12:00:29.250152+08:00" hostname="DESKTOP-CHBNFUH"><testcase classname="tests.test_analyze_synth_trace" name="test_load_records_skips_bad_lines_and_empty_marks" time="0.009" /><testcase classname="tests.test_analyze_synth_trace" name="test_load_records_missing_file_raises" time="0.005" /><testcase classname="tests.test_analyze_synth_trace" name="test_stage_durations_uses_consecutive_deltas_not_absolute" time="0.001" /><testcase classname="tests.test_analyze_synth_trace" name="test_interval_is_attributed_to_the_mark_that_ends_it" time="0.001" /><testcase classname="tests.test_analyze_synth_trace" name="test_stage_durations_head_before_first_mark" time="0.001" /><testcase classname="tests.test_analyze_synth_trace" name="test_stage_durations_total_equals_dur_ms" time="0.001" /><testcase classname="tests.test_analyze_synth_trace" name="test_stage_durations_single_mark_is_empty" time="0.001" /><testcase classname="tests.test_analyze_synth_trace" name="test_stage_durations_negative_delta_clamped" time="0.001" /><testcase classname="tests.test_analyze_synth_trace" name="test_aggregate_sums_and_shares" time="0.001" /><testcase classname="tests.test_analyze_synth_trace" name="test_aggregate_sorted_by_total_desc" time="0.001" /><testcase classname="tests.test_analyze_synth_trace" name="test_aggregate_empty_input" time="0.001" /><testcase classname="tests.test_analyze_synth_trace" name="test_aggregate_labels_known_stages" time="0.001" /><testcase classname="tests.test_analyze_synth_trace" name="test_split_infer_llm_vs_vocoder" time="0.001" /><testcase classname="tests.test_analyze_synth_trace" name="test_split_infer_none_without_llm_end" time="0.001" /><testcase classname="tests.test_analyze_synth_trace" name="test_split_infer_none_when_marks_missing" time="0.001" /><testcase classname="tests.test_analyze_synth_trace" name="test_split_infer_none_on_inconsistent_clock" time="0.001" /><testcase classname="tests.test_analyze_synth_trace" name="test_inter_segment_gaps_basic" time="0.001" /><testcase classname="tests.test_analyze_synth_trace" name="test_inter_segment_gaps_drops_negative" time="0.001" /><testcase classname="tests.test_analyze_synth_trace" name="test_inter_segment_gaps_single_record" time="0.001" /><testcase classname="tests.test_analyze_synth_trace" name="test_render_report_separates_cached" time="0.005" /><testcase classname="tests.test_analyze_synth_trace" name="test_render_report_warns_when_no_llm_end" time="0.001" /><testcase classname="tests.test_analyze_synth_trace" name="test_render_report_includes_infer_split_when_available" time="0.001" /><testcase classname="tests.test_analyze_synth_trace" name="test_render_report_empty_is_safe" time="0.001" /><testcase classname="tests.test_analyze_synth_trace" name="test_cli_without_args_returns_2" time="0.001" /><testcase classname="tests.test_analyze_synth_trace" name="test_cli_missing_file_returns_1" time="0.005" /><testcase classname="tests.test_api_auth" name="test_register_sets_session_and_cookie" time="0.797" /><testcase classname="tests.test_api_auth" name="test_duplicate_register_conflict" time="0.039" /><testcase classname="tests.test_api_auth" name="test_login_and_wrong_password" time="0.050" /><testcase classname="tests.test_api_auth" name="test_voices_requires_login" time="0.040" /><testcase classname="tests.test_api_auth" name="test_logout_clears_cookie" time="0.032" /><testcase classname="tests.test_api_tasks" name="test_create_reaches_script_ready" time="0.069" /><testcase classname="tests.test_api_tasks" name="test_cross_user_get_returns_404" time="0.059" /><testcase classname="tests.test_api_tasks" name="test_pagination" time="0.087" /><testcase classname="tests.test_api_tasks" name="test_edit_resets_seg_status" time="0.067" /><testcase classname="tests.test_api_tasks" name="test_cancel_from_ready" time="0.121" /><testcase classname="tests.test_cli" name="test_slugify_keeps_cjk_and_strips_illegal_chars" time="0.001" /><testcase classname="tests.test_cli" name="test_slugify_normalizes_whitespace_and_punctuation_edges" time="0.001" /><testcase classname="tests.test_cli" name="test_slugify_limits_length_and_has_fallback" time="0.001" /><testcase classname="tests.test_cli" name="test_load_turns_accepts_three_shapes" time="0.009" /><testcase classname="tests.test_cli" name="test_load_turns_normalizes_speaker_and_skips_blanks" time="0.005" /><testcase classname="tests.test_cli" name="test_load_turns_reports_bad_structures[payload0-lines \u5e94\u4e3a\u6570\u7ec4]" time="0.006" /><testcase classname="tests.test_cli" name="test_load_turns_reports_bad_structures[payload1-\u4e0d\u662f\u5bf9\u8c61]" time="0.006" /><testcase classname="tests.test_cli" name="test_load_turns_reports_bad_structures[payload2-\u6ca1\u6709\u4efb\u4f55\u6709\u6548\u5bf9\u767d]" time="0.005" /><testcase classname="tests.test_cli" name="test_load_turns_reports_bad_structures[42-\u7ed3\u6784\u65e0\u6cd5\u8bc6\u522b]" time="0.005" /><testcase classname="tests.test_cli" name="test_load_turns_rejects_missing_file_and_bad_json" time="0.004" /><testcase classname="tests.test_cli" name="test_no_tts_stops_after_script_stage" time="0.023" /><testcase classname="tests.test_cli" name="test_missing_source_is_a_usage_error" time="0.007" /><testcase classname="tests.test_cli" name="test_default_name_falls_back_to_script_title" time="0.023" /><testcase classname="tests.test_cli" name="test_llm_path_persists_turns_so_script_json_round_trips" time="0.025" /><testcase classname="tests.test_eval_batch" name="test_topic_set_shape" time="0.001" /><testcase classname="tests.test_eval_batch" name="test_topic_ids_unique_and_topics_unique" time="0.000" /><testcase classname="tests.test_eval_batch" name="test_topic_durations_match_declared_lengths" time="0.000" /><testcase classname="tests.test_eval_batch" name="test_long_topics_align_with_m4_target" time="0.000" /><testcase classname="tests.test_eval_batch" name="test_topic_set_avoids_d4_topics" time="0.002" /><testcase classname="tests.test_eval_batch" name="test_load_topics_rejects_empty_and_duplicate_ids" time="0.008" /><testcase classname="tests.test_eval_batch" name="test_select_cases_by_ids_category_length_limit" time="0.001" /><testcase classname="tests.test_eval_batch" name="test_select_cases_unknown_id_raises" time="0.000" /><testcase classname="tests.test_eval_batch" name="test_per_1000_words" time="0.001" /><testcase classname="tests.test_eval_batch" name="test_summarize_rates_and_medians" time="0.001" /><testcase classname="tests.test_eval_batch" name="test_summarize_counts_unusable_and_failed" time="0.001" /><testcase classname="tests.test_eval_batch" name="test_summarize_over_10min_boundary" time="0.001" /><testcase classname="tests.test_eval_batch" name="test_summarize_empty_is_safe" time="0.000" /><testcase classname="tests.test_eval_batch" name="test_structure_check_ok" time="0.000" /><testcase classname="tests.test_eval_batch" name="test_structure_check_single_speaker" time="0.000" /><testcase classname="tests.test_eval_batch" name="test_structure_check_consecutive_same_speaker" time="0.000" /><testcase classname="tests.test_eval_batch" name="test_structure_check_over_length_line" time="0.000" /><testcase classname="tests.test_eval_batch" name="test_structure_check_ignores_whitespace_when_counting" time="0.001" /><testcase classname="tests.test_eval_batch" name="test_wav_duration_pcm16_one_second" time="0.001" /><testcase classname="tests.test_eval_batch" name="test_wav_duration_float32_format3" time="0.001" /><testcase classname="tests.test_eval_batch" name="test_wav_duration_stereo_and_half_second" time="0.001" /><testcase classname="tests.test_eval_batch" name="test_wav_duration_rejects_garbage" time="0.000" /><testcase classname="tests.test_eval_batch" name="test_render_cases_csv_header_and_over_flag" time="0.001" /><testcase classname="tests.test_eval_batch" name="test_render_report_contains_required_sections" time="0.001" /><testcase classname="tests.test_eval_batch" name="test_render_report_lists_consistency_failures" time="0.001" /><testcase classname="tests.test_eval_batch" name="test_render_report_no_over_and_no_failure_says_none" time="0.001" /><testcase classname="tests.test_eval_batch" name="test_render_report_word_deviation_is_not_double_scaled" time="0.001" /><testcase classname="tests.test_eval_batch" name="test_summarize_word_deviation_keeps_percent_unit" time="0.001" /><testcase classname="tests.test_eval_batch" name="test_render_report_shows_warmup_state" time="0.001" /><testcase classname="tests.test_eval_batch" name="test_eval_client_ignores_env_proxy" time="0.012" /><testcase classname="tests.test_eval_batch" name="test_eval_client_can_opt_back_into_env_proxy" time="0.025" /><testcase classname="tests.test_eval_batch" name="test_eval_client_strips_trailing_slash" time="0.009" /><testcase classname="tests.test_eval_batch" name="test_load_prior_cases_marks_carried_over" time="0.007" /><testcase classname="tests.test_eval_batch" name="test_load_prior_cases_missing_dir_warns_without_raising" time="0.004" /><testcase classname="tests.test_eval_batch" name="test_load_prior_cases_broken_json_warns" time="0.005" /><testcase classname="tests.test_eval_batch" name="test_merge_carried_over_keeps_fresh_and_drops_prior_failures" time="0.001" /><testcase classname="tests.test_eval_batch" name="test_order_results_by_topic_set_restores_declared_order" time="0.000" /><testcase classname="tests.test_eval_batch" name="test_render_report_flags_carried_over_rows" time="0.001" /><testcase classname="tests.test_eval_batch" name="test_render_report_without_merge_has_no_merge_noise" time="0.001" /><testcase classname="tests.test_eval_batch" name="test_wait_terminal_returns_on_script_ready" time="0.029" /><testcase classname="tests.test_eval_batch" name="test_wait_terminal_stops_at_terminal_even_if_not_targeted" time="0.015" /><testcase classname="tests.test_eval_batch" name="test_wait_terminal_default_targets_is_terminal_only" time="0.215" /><testcase classname="tests.test_eval_batch" name="test_wait_terminal_timeout_message_has_stage_and_progress" time="0.216" /><testcase classname="tests.test_eval_batch" name="test_run_case_uses_post_synthesis_script_snapshot" time="0.048" /><testcase classname="tests.test_eval_batch" name="test_run_case_reports_failed_task_without_raising" time="0.004" /><testcase classname="tests.test_eval_batch" name="test_dry_run_does_not_touch_network" time="0.003" /><testcase classname="tests.test_eval_batch" name="test_cli_rejects_unknown_ids" time="0.003" /><testcase classname="tests.test_intro_outro" name="test_today_cn_format" time="0.001" /><testcase classname="tests.test_intro_outro" name="test_today_cn_no_zero_padding" time="0.001" /><testcase classname="tests.test_intro_outro" name="test_render_all_placeholder_styles[\uff08\u4e3b\u9898\uff09-\uff08\u65e5\u671f\uff09]" time="0.001" /><testcase classname="tests.test_intro_outro" name="test_render_all_placeholder_styles[\uff08\u4e3b\u9898\uff09-(\u65e5\u671f)]" time="0.001" /><testcase classname="tests.test_intro_outro" name="test_render_all_placeholder_styles[\uff08\u4e3b\u9898\uff09-{date}]" time="0.001" /><testcase classname="tests.test_intro_outro" name="test_render_all_placeholder_styles[(\u4e3b\u9898)-\uff08\u65e5\u671f\uff09]" time="0.001" /><testcase classname="tests.test_intro_outro" name="test_render_all_placeholder_styles[(\u4e3b\u9898)-(\u65e5\u671f)]" time="0.001" /><testcase classname="tests.test_intro_outro" name="test_render_all_placeholder_styles[(\u4e3b\u9898)-{date}]" time="0.001" /><testcase classname="tests.test_intro_outro" name="test_render_all_placeholder_styles[{topic}-\uff08\u65e5\u671f\uff09]" time="0.001" /><testcase classname="tests.test_intro_outro" name="test_render_all_placeholder_styles[{topic}-(\u65e5\u671f)]" time="0.001" /><testcase classname="tests.test_intro_outro" name="test_render_all_placeholder_styles[{topic}-{date}]" time="0.001" /><testcase classname="tests.test_intro_outro" name="test_default_template_renders" time="0.001" /><testcase classname="tests.test_intro_outro" name="test_render_with_max_chars_truncates_topic_not_skeleton" time="0.001" /><testcase classname="tests.test_intro_outro" name="test_render_respects_max_chars_with_short_input" time="0.001" /><testcase classname="tests.test_intro_outro" name="test_render_does_not_raise_on_braces" time="0.001" /><testcase classname="tests.test_intro_outro" name="test_has_placeholder" time="0.001" /><testcase classname="tests.test_intro_outro" name="test_resolve_accepts_property_and_method" time="0.006" /><testcase classname="tests.test_intro_outro" name="test_resolve_files_missing_returns_none" time="0.005" /><testcase classname="tests.test_intro_outro" name="test_resolve_files_existing" time="0.007" /><testcase classname="tests.test_make_listen_pack" name="test_beep_group_burst_count_and_offset[1]" time="0.002" /><testcase classname="tests.test_make_listen_pack" name="test_beep_group_burst_count_and_offset[2]" time="0.001" /><testcase classname="tests.test_make_listen_pack" name="test_beep_group_burst_count_and_offset[3]" time="0.001" /><testcase classname="tests.test_make_listen_pack" name="test_beep_group_burst_count_and_offset[4]" time="0.001" /><testcase classname="tests.test_make_listen_pack" name="test_beep_peak_respects_configured_level" time="0.001" /><testcase classname="tests.test_make_listen_pack" name="test_beep_group_edges_are_faded" time="0.001" /><testcase classname="tests.test_make_listen_pack" name="test_target_is_capped_when_aim_is_too_loud" time="0.001" /><testcase classname="tests.test_make_listen_pack" name="test_target_keeps_aim_when_reachable" time="0.001" /><testcase classname="tests.test_make_listen_pack" name="test_feasible_target_never_exceeds_ceiling_minus_crest" time="0.001" /><testcase classname="tests.test_make_listen_pack" name="test_f0_median_is_accurate_on_known_tones[120.0]" time="0.010" /><testcase classname="tests.test_make_listen_pack" name="test_f0_median_is_accurate_on_known_tones[180.0]" time="0.008" /><testcase classname="tests.test_make_listen_pack" name="test_f0_median_is_accurate_on_known_tones[240.0]" time="0.008" /><testcase classname="tests.test_make_listen_pack" name="test_f0_median_detects_deliberate_pitch_drop" time="0.015" /><testcase classname="tests.test_make_listen_pack" name="test_f0_median_returns_nan_on_silence" time="0.001" /><testcase classname="tests.test_make_mos_pack" name="test_count_beeps_selfref_counts_beeps" time="0.006" /><testcase classname="tests.test_make_mos_pack" name="test_count_beeps_selfref_ignores_loud_clip_onset" time="0.002" /><testcase classname="tests.test_make_mos_pack" name="test_plan_clip_normal_case" time="0.001" /><testcase classname="tests.test_make_mos_pack" name="test_plan_clip_seg_zero_means_whole_tail" time="0.001" /><testcase classname="tests.test_make_mos_pack" name="test_plan_clip_clamps_start_for_short_audio" time="0.001" /><testcase classname="tests.test_make_mos_pack" name="test_plan_clip_audio_shorter_than_segment" time="0.001" /><testcase classname="tests.test_make_mos_pack" name="test_plan_clip_unknown_duration_passes_offset_through" time="0.001" /><testcase classname="tests.test_make_mos_pack" name="test_plan_clip_offset_beyond_end_does_not_go_negative" time="0.001" /><testcase classname="tests.test_make_mos_pack" name="test_pick_cases_filters_done_and_missing_audio" time="0.001" /><testcase classname="tests.test_make_mos_pack" name="test_pick_cases_ids_and_limit" time="0.001" /><testcase classname="tests.test_make_mos_pack" name="test_pick_cases_unknown_id_exits" time="0.001" /><testcase classname="tests.test_make_mos_pack" name="test_pick_cases_empty_exits" time="0.001" /><testcase classname="tests.test_make_mos_pack" name="test_scoresheet_header_and_row_count" time="0.001" /><testcase classname="tests.test_make_mos_pack" name="test_scoresheet_prefills_identity_and_leaves_scores_blank" time="0.001" /><testcase classname="tests.test_make_mos_pack" name="test_readme_contains_scale_flow_and_item_table" time="0.001" /><testcase classname="tests.test_make_mos_pack" name="test_readme_marks_untrimmed_policy" time="0.001" /><testcase classname="tests.test_make_mos_pack" name="test_reuses_listen_pack_helpers" time="0.001" /><testcase classname="tests.test_make_mos_pack" name="test_defaults_match_delivery_loudness" time="0.028" /><testcase classname="tests.test_make_mos_pack" name="test_manifest_fields_are_json_serialisable" time="0.006" /><testcase classname="tests.test_make_voice_profile" name="test_dry_run_works_without_force_and_writes_nothing" time="0.566" /><testcase classname="tests.test_make_voice_profile" name="test_no_trim_is_reported_and_archived_without_duplication" time="1.419" /><testcase classname="tests.test_make_voice_profile" name="test_changed_content_does_back_up_old_profile" time="1.364" /><testcase classname="tests.test_normalize" name="test_number_reading[2026\u5e74-\u4e8c\u96f6\u4e8c\u516d\u5e74]" time="0.004" /><testcase classname="tests.test_normalize" name="test_number_reading[3.5-\u4e09\u70b9\u4e94]" time="0.001" /><testcase classname="tests.test_normalize" name="test_number_reading[45%-\u767e\u5206\u4e4b\u56db\u5341\u4e94]" time="0.001" /><testcase classname="tests.test_normalize" name="test_number_reading[3\u4ebf-\u4e09\u4ebf]" time="0.001" /><testcase classname="tests.test_normalize" name="test_number_reading[2\u5c0f\u65f6-\u4e24\u5c0f\u65f6]" time="0.001" /><testcase classname="tests.test_normalize" name="test_number_reading[0.5-\u96f6\u70b9\u4e94]" time="0.001" /><testcase classname="tests.test_normalize" name="test_number_reading[128-\u4e00\u767e\u4e8c\u5341\u516b]" time="0.001" /><testcase classname="tests.test_normalize" name="test_number_reading[10000-\u4e00\u4e07]" time="0.001" /><testcase classname="tests.test_normalize" name="test_number_reading[10001-\u4e00\u4e07\u96f6\u4e00]" time="0.001" /><testcase classname="tests.test_normalize" name="test_number_reading[2000-\u4e24\u5343]" time="0.001" /><testcase classname="tests.test_normalize" name="test_number_reading[15-\u5341\u4e94]" time="0.001" /><testcase classname="tests.test_normalize" name="test_number_reading[110-\u4e00\u767e\u4e00\u5341]" time="0.001" /><testcase classname="tests.test_normalize" name="test_int_to_cn[0-\u96f6]" time="0.001" /><testcase classname="tests.test_normalize" name="test_int_to_cn[2-\u4e8c]" time="0.001" /><testcase classname="tests.test_normalize" name="test_int_to_cn[10-\u5341]" time="0.001" /><testcase classname="tests.test_normalize" name="test_int_to_cn[19-\u5341\u4e5d]" time="0.001" /><testcase classname="tests.test_normalize" name="test_int_to_cn[20-\u4e8c\u5341]" time="0.001" /><testcase classname="tests.test_normalize" name="test_int_to_cn[110-\u4e00\u767e\u4e00\u5341]" time="0.001" /><testcase classname="tests.test_normalize" name="test_int_to_cn[2026-\u4e24\u5343\u96f6\u4e8c\u5341\u516d]" time="0.001" /><testcase classname="tests.test_normalize" name="test_int_to_cn[100000000-\u4e00\u4ebf]" time="0.001" /><testcase classname="tests.test_normalize" name="test_markdown_stripped" time="0.001" /><testcase classname="tests.test_normalize" name="test_emoji_and_zero_width_stripped" time="0.001" /><testcase classname="tests.test_normalize" name="test_aside_stripped_but_normal_paren_kept" time="0.001" /><testcase classname="tests.test_normalize" name="test_cjk_latin_spacing" time="0.001" /><testcase classname="tests.test_normalize" name="test_fullwidth_digits_converted" time="0.001" /><testcase classname="tests.test_normalize" name="test_inline_cosyvoice_tag_kept" time="0.001" /><testcase classname="tests.test_normalize" name="test_idempotent" time="0.001" /><testcase classname="tests.test_normalize" name="test_empty_and_none" time="0.001" /><testcase classname="tests.test_normalize" name="test_offsets_point_into_original" time="0.001" /><testcase classname="tests.test_normalize" name="test_edits_record_original_and_read" time="0.001" /><testcase classname="tests.test_normalize" name="test_to_dict_serializable" time="0.001" /><testcase classname="tests.test_normalize" name="test_split_by_sentence_end" time="0.000" /><testcase classname="tests.test_normalize" name="test_split_respects_max_chars" time="0.001" /><testcase classname="tests.test_normalize" name="test_split_hard_case_without_punctuation" time="0.001" /><testcase classname="tests.test_normalize" name="test_split_empty" time="0.001" /><testcase classname="tests.test_normalize" name="test_build_lines_and_segments" time="0.001" /><testcase classname="tests.test_normalize" name="test_build_script_lines_keeps_original_text" time="0.001" /><testcase classname="tests.test_normalize" name="test_polyphone_dict_applies_and_warns" time="0.001" /><testcase classname="tests.test_normalize" name="test_load_polyphone_skips_readme" time="0.006" /><testcase classname="tests.test_normalize" name="test_shipped_polyphone_dict_is_empty_by_default" time="0.001" /><testcase classname="tests.test_podcast_rss" name="test_valid_rss_passes_selfcheck" time="0.002" /><testcase classname="tests.test_podcast_rss" name="test_broken_rss_flags_missing_title_and_bad_enclosure" time="0.001" /><testcase classname="tests.test_podcast_rss" name="test_missing_atom_self_link_flagged" time="0.001" /><testcase classname="tests.test_podcast_rss" name="test_new_user_token_is_unguessable" time="0.001" /><testcase classname="tests.test_postprocess" name="test_find_ffmpeg_returns_existing_files" time="0.062" /><testcase classname="tests.test_postprocess" name="test_find_ffmpeg_missing_configured_path_is_readable" time="0.032" /><testcase classname="tests.test_postprocess" name="test_probe_reports_format_and_duration" time="0.460" /><testcase classname="tests.test_postprocess" name="test_probe_missing_file_raises" time="0.005" /><testcase classname="tests.test_postprocess" name="test_detect_volume_reports_levels" time="0.463" /><testcase classname="tests.test_postprocess" name="test_unify_normalizes_to_target[16000-1]" time="0.710" /><testcase classname="tests.test_postprocess" name="test_unify_normalizes_to_target[24000-1]" time="0.693" /><testcase classname="tests.test_postprocess" name="test_unify_normalizes_to_target[44100-2]" time="0.689" /><testcase classname="tests.test_postprocess" name="test_unify_normalizes_to_target[48000-2]" time="0.729" /><testcase classname="tests.test_postprocess" name="test_unify_output_is_readable_by_stdlib_wave" time="0.471" /><testcase classname="tests.test_postprocess" name="test_make_silence_duration[250]" time="0.468" /><testcase classname="tests.test_postprocess" name="test_make_silence_duration[500]" time="0.486" /><testcase classname="tests.test_postprocess" name="test_apply_fade_in_starts_from_silence" time="0.453" /><testcase classname="tests.test_postprocess" name="test_apply_fade_out_ends_at_silence" time="0.744" /><testcase classname="tests.test_postprocess" name="test_apply_fade_without_params_copies" time="0.522" /><testcase classname="tests.test_postprocess" name="test_concat_duration_is_conserved" time="1.880" /><testcase classname="tests.test_postprocess" name="test_concat_handles_unicode_and_quote_in_path" time="1.442" /><testcase classname="tests.test_postprocess" name="test_concat_empty_raises" time="0.004" /><testcase classname="tests.test_postprocess" name="test_concat_writes_list_file" time="1.173" /><testcase classname="tests.test_postprocess" name="test_measure_loudness_returns_input_fields" time="0.489" /><testcase classname="tests.test_postprocess" name="test_normalize_loudness_hits_target" time="0.980" /><testcase classname="tests.test_postprocess" name="test_normalize_loudness_missing_field_raises" time="0.294" /><testcase classname="tests.test_postprocess" name="test_normalize_loudness_respects_true_peak" time="0.996" /><testcase classname="tests.test_postprocess" name="test_loudness_usable_accepts_normal_measurement" time="0.001" /><testcase classname="tests.test_postprocess" name="test_loudness_usable_rejects_non_finite" time="0.000" /><testcase classname="tests.test_postprocess" name="test_loudness_usable_rejects_missing_field" time="0.000" /><testcase classname="tests.test_postprocess" name="test_normalize_loudness_rejects_non_finite_measurement" time="0.311" /><testcase classname="tests.test_postprocess" name="test_postprocess_very_short_input_skips_loudnorm" time="2.565" /><testcase classname="tests.test_postprocess" name="test_postprocess_silent_input_skips_loudnorm" time="2.392" /><testcase classname="tests.test_postprocess" name="test_postprocess_reports_loudness_landing" time="3.846" /><testcase classname="tests.test_postprocess" name="test_export_mp3_spec" time="0.736" /><testcase classname="tests.test_postprocess" name="test_postprocess_mixed_sample_rates_duration_is_correct" time="3.951" /><testcase classname="tests.test_postprocess" name="test_postprocess_pause_selection_matches_speakers" time="5.365" /><testcase classname="tests.test_postprocess" name="test_postprocess_single_clip_has_no_pause" time="3.105" /><testcase classname="tests.test_postprocess" name="test_postprocess_explicit_disable_does_not_warn" time="2.633" /><testcase classname="tests.test_postprocess" name="test_postprocess_uses_configured_assets_by_default" time="4.919" /><testcase classname="tests.test_postprocess" name="test_postprocess_with_intro_and_outro" time="5.506" /><testcase classname="tests.test_postprocess" name="test_postprocess_missing_assets_warns_not_fails" time="2.599" /><testcase classname="tests.test_postprocess" name="test_postprocess_require_intro_raises" time="0.688" /><testcase classname="tests.test_postprocess" name="test_postprocess_empty_clips_raises" time="0.006" /><testcase classname="tests.test_postprocess" name="test_postprocess_missing_clip_raises" time="0.005" /><testcase classname="tests.test_postprocess" name="test_postprocess_no_clipping_and_mp3_spec" time="4.167" /><testcase classname="tests.test_postprocess" name="test_postprocess_can_skip_loudnorm" time="2.331" /><testcase classname="tests.test_postprocess" name="test_postprocess_result_to_dict_is_json_serializable" time="3.912" /><testcase classname="tests.test_postprocess" name="test_postprocess_build_dir_keeps_intermediates" time="3.778" /><testcase classname="tests.test_postprocess" name="test_postprocess_progress_callback_receives_stages" time="2.573" /><testcase classname="tests.test_postprocess" name="test_run_ffmpeg_failure_message_is_readable" time="0.172" /><testcase classname="tests.test_postprocess" name="test_run_ffmpeg_timeout_message_is_readable" time="1.064" /><testcase classname="tests.test_postprocess" name="test_clip_from_synth_reads_segment_attributes" time="0.005" /><testcase classname="tests.test_postprocess" name="test_build_clips_from_results_keeps_order" time="0.004" /><testcase classname="tests.test_postprocess" name="test_audio_settings_defaults_are_sane" time="0.001" /><testcase classname="tests.test_script_gen" name="test_count_chars_ignores_whitespace_only" time="0.000" /><testcase classname="tests.test_script_gen" name="test_podcast_script_rejects_non_continuous_seq" time="0.003" /><testcase classname="tests.test_script_gen" name="test_podcast_script_rejects_bad_speaker_and_newline" time="0.001" /><testcase classname="tests.test_script_gen" name="test_check_policy_reports_each_violation" time="0.001" /><testcase classname="tests.test_script_gen" name="test_word_quota_alone_does_not_make_report_not_ok" time="0.001" /><testcase classname="tests.test_script_gen" name="test_check_policy_caps_repeated_errors" time="0.001" /><testcase classname="tests.test_script_gen" name="test_as_turns_feeds_normalize" time="0.000" /><testcase classname="tests.test_script_gen" name="test_prompt_consistency_ok_by_default" time="0.021" /><testcase classname="tests.test_script_gen" name="test_prompt_consistency_detects_line_limit_mismatch" time="0.018" /><testcase classname="tests.test_script_gen" name="test_generator_refuses_to_start_on_inconsistent_prompt" time="0.019" /><testcase classname="tests.test_script_gen" name="test_prompt_consistency_reports_missing_placeholder" time="0.019" /><testcase classname="tests.test_script_gen" name="test_system_prompt_is_byte_stable_across_requests" time="0.023" /><testcase classname="tests.test_script_gen" name="test_generate_happy_path_single_call" time="0.021" /><testcase classname="tests.test_script_gen" name="test_model_mapping_is_recorded_and_flagged" time="0.023" /><testcase classname="tests.test_script_gen" name="test_duration_is_converted_to_word_quota" time="0.021" /><testcase classname="tests.test_script_gen" name="test_long_script_uses_long_timeout" time="0.022" /><testcase classname="tests.test_script_gen" name="test_policy_violation_triggers_correction_with_specific_error" time="0.023" /><testcase classname="tests.test_script_gen" name="test_correction_message_reports_deficit" time="0.001" /><testcase classname="tests.test_script_gen" name="test_correction_message_reports_surplus" time="0.001" /><testcase classname="tests.test_script_gen" name="test_correction_message_repeats_line_limit_and_alternation" time="0.000" /><testcase classname="tests.test_script_gen" name="test_schema_failure_also_triggers_correction" time="0.024" /><testcase classname="tests.test_script_gen" name="test_fenced_json_is_accepted" time="0.022" /><testcase classname="tests.test_script_gen" name="test_wrapped_json_is_unwrapped" time="0.021" /><testcase classname="tests.test_script_gen" name="test_retry_exhausted_but_structurally_valid_is_delivered_with_quota_warning" time="0.026" /><testcase classname="tests.test_script_gen" name="test_word_quota_enforced_makes_result_unusable" time="0.027" /><testcase classname="tests.test_script_gen" name="test_word_quota_ok_is_reported_on_happy_path" time="0.021" /><testcase classname="tests.test_script_gen" name="test_word_deviation_ratio_and_percent_are_consistent" time="0.028" /><testcase classname="tests.test_script_gen" name="test_degrades_to_loose_parse_when_structure_never_parses" time="0.028" /><testcase classname="tests.test_script_gen" name="test_hopeless_output_raises_schema_error" time="0.024" /><testcase classname="tests.test_script_gen" name="test_parse_loose_rejects_single_speaker" time="0.001" /><testcase classname="tests.test_script_gen" name="test_parse_loose_reads_markdown_and_title" time="0.001" /><testcase classname="tests.test_script_gen" name="test_rate_limit_is_readable_and_retried" time="1.033" /><testcase classname="tests.test_script_gen" name="test_rate_limit_exhausted_gives_actionable_message" time="1.029" /><testcase classname="tests.test_script_gen" name="test_insufficient_balance_402_is_mapped" time="1.028" /><testcase classname="tests.test_script_gen" name="test_timeout_is_retryable_and_readable" time="1.030" /><testcase classname="tests.test_script_gen" name="test_connection_error_points_at_the_proxy" time="1.024" /><testcase classname="tests.test_script_gen" name="test_proxy_hint_is_silent_without_proxy_env" time="0.001" /><testcase classname="tests.test_script_gen" name="test_proxy_credentials_are_masked" time="0.001" /><testcase classname="tests.test_script_gen" name="test_auth_error_is_not_retried" time="0.020" /><testcase classname="tests.test_script_gen" name="test_missing_api_key_fails_fast" time="0.019" /><testcase classname="tests.test_script_gen" name="test_truncated_output_error_is_informative" time="0.021" /><testcase classname="tests.test_script_gen" name="test_empty_topic_rejected" time="0.020" /><testcase classname="tests.test_script_gen" name="test_load_and_scan_sensitive_words" time="0.019" /><testcase classname="tests.test_script_gen" name="test_missing_sensitive_dict_only_warns" time="0.009" /><testcase classname="tests.test_script_gen" name="test_sensitive_hit_flags_and_skips_self_check" time="0.022" /><testcase classname="tests.test_script_gen" name="test_self_check_unsafe_flags_result" time="0.022" /><testcase classname="tests.test_script_gen" name="test_self_check_safe_result_keeps_result_usable" time="0.021" /><testcase classname="tests.test_script_gen" name="test_self_check_string_false_is_not_treated_as_true" time="0.022" /><testcase classname="tests.test_script_gen" name="test_self_check_failure_does_not_break_generation" time="1.032" /><testcase classname="tests.test_script_gen" name="test_extra_fields_are_reported_as_warning" time="0.021" /><testcase classname="tests.test_script_gen" name="test_result_to_dict_is_json_serializable" time="0.021" /><testcase classname="tests.test_synth_trace" name="test_disabled_tracer_writes_nothing" time="0.005" /><testcase classname="tests.test_synth_trace" name="test_disabled_tracer_does_not_raise_on_end" time="0.004" /><testcase classname="tests.test_synth_trace" name="test_enabled_writes_one_record_with_ordered_marks" time="0.005" /><testcase classname="tests.test_synth_trace" name="test_each_segment_gets_its_own_record" time="0.006" /><testcase classname="tests.test_synth_trace" name="test_mark_before_begin_is_noop" time="0.006" /><testcase classname="tests.test_synth_trace" name="test_end_without_begin_is_noop" time="0.004" /><testcase classname="tests.test_synth_trace" name="test_second_begin_resets_marks" time="0.007" /><testcase classname="tests.test_synth_trace" name="test_yield_len_is_captured_as_llm_end" time="0.013" /><testcase classname="tests.test_synth_trace" name="test_yield_hook_warns_when_root_level_hides_info" time="0.048" /><testcase classname="tests.test_synth_trace" name="test_stale_yield_event_is_not_attributed_to_next_segment" time="0.008" /><testcase classname="tests.test_synth_trace" name="test_close_removes_log_hook" time="0.007" /><testcase classname="tests.test_synth_trace" name="test_non_matching_log_record_is_ignored" time="0.009" /><testcase classname="tests.test_synth_trace" name="test_tqdm_progress_line_does_not_break_hook" time="0.007" /><testcase classname="tests.test_synth_trace" name="test_write_failure_degrades_without_raising" time="0.009" /><testcase classname="tests.test_synth_trace" name="test_make_tracer_reads_settings_flag_and_path" time="0.039" /><testcase classname="tests.test_synth_trace" name="test_make_tracer_falls_back_to_settings_path" time="0.017" /><testcase classname="tests.test_synth_trace" name="test_make_tracer_explicit_path_overrides_settings" time="0.022" /><testcase classname="tests.test_synth_trace" name="test_settings_default_is_off" time="0.018" /><testcase classname="tests.test_synth_trace" name="test_engine_wires_tracer" time="0.040" /><testcase classname="tests.test_synth_trace" name="test_tracer_module_exposes_yield_prefix" time="0.001" /><testcase classname="tests.test_task_runner" name="test_transitions_table_is_authoritative" time="0.000" /><testcase classname="tests.test_task_runner" name="test_illegal_transition_raises" time="0.062" /><testcase classname="tests.test_task_runner" name="test_upsert_cache_idempotent" time="0.070" /><testcase classname="tests.test_task_runner" name="test_stage_synthesize_rejects_non_ready" time="0.065" /><testcase classname="tests.test_task_runner" name="test_dynamic_intro_is_synthesized_and_passed_to_postprocess" time="0.621" /><testcase classname="tests.test_task_runner" name="test_intro_template_disabled_falls_back_to_none" time="0.064" /><testcase classname="tests.test_task_runner" name="test_synth_does_not_hold_write_lock_across_synthesis" time="0.145" /><testcase classname="tests.test_task_runner" name="test_progress_write_failure_logs_limited_warning" time="0.071" /><testcase classname="tests.test_task_runner" name="test_full_pipeline_reaches_done" time="0.608" /><testcase classname="tests.test_tts_cold_start" name="test_synthesize_turns_loads_engine_before_hashing_cache_key" time="0.042" /><testcase classname="tests.test_tts_cold_start" name="test_synthesize_turns_registers_voices_so_speaker_mapping_resolves" time="0.032" /><testcase classname="tests.test_tts_cold_start" name="test_cold_batch_entry_would_fail_without_the_fix" time="0.028" /><testcase classname="tests.test_tts_speaker" name="test_script_speaker_a_b" time="0.010" /><testcase classname="tests.test_tts_speaker" name="test_registered_voice_id_direct" time="0.009" /><testcase classname="tests.test_tts_speaker" name="test_voice_b_is_not_silently_downgraded" time="0.009" /><testcase classname="tests.test_tts_speaker" name="test_case_insensitive_ab" time="0.009" /><testcase classname="tests.test_tts_speaker" name="test_unknown_falls_back_to_a" time="0.012" /><testcase classname="tests.test_tts_speaker" name="test_empty_falls_back_to_a" time="0.013" /></testsuite></testsuites>